Unity Editor version:    2021.3.12f1 (8af3c3e441b1)
Branch:                  2021.3/release
Build type:              Release
Batch mode:              YES
macOS version:           Version 12.2.1 (Build 21D62)
Darwin version:          21.3.0
Architecture:            arm64
Running under Rosetta:   NO
Available memory:        8192 MB
Using pre-set license
Pro License: YES

COMMAND LINE ARGUMENTS:
/Users/elim/Unity/2021.3.12f1/Unity.app/Contents/MacOS/Unity
-adb2
-batchMode
-noUpm
-name
AssetImportWorker3
-projectPath
/Users/elim/open-ai-hackathon/CyberBusters
-logFile
Logs/AssetImportWorker3.log
-srvPort
49799
Successfully changed project path to: /Users/elim/open-ai-hackathon/CyberBusters
/Users/elim/open-ai-hackathon/CyberBusters
[UnityMemory] Configuration Parameters - Can be set up in boot.config
    "memorysetup-bucket-allocator-granularity=16"
    "memorysetup-bucket-allocator-bucket-count=8"
    "memorysetup-bucket-allocator-block-size=33554432"
    "memorysetup-bucket-allocator-block-count=8"
    "memorysetup-main-allocator-block-size=16777216"
    "memorysetup-thread-allocator-block-size=16777216"
    "memorysetup-gfx-main-allocator-block-size=16777216"
    "memorysetup-gfx-thread-allocator-block-size=16777216"
    "memorysetup-cache-allocator-block-size=4194304"
    "memorysetup-typetree-allocator-block-size=2097152"
    "memorysetup-profiler-bucket-allocator-granularity=16"
    "memorysetup-profiler-bucket-allocator-bucket-count=8"
    "memorysetup-profiler-bucket-allocator-block-size=33554432"
    "memorysetup-profiler-bucket-allocator-block-count=8"
    "memorysetup-profiler-allocator-block-size=16777216"
    "memorysetup-profiler-editor-allocator-block-size=1048576"
    "memorysetup-temp-allocator-size-main=16777216"
    "memorysetup-job-temp-allocator-block-size=2097152"
    "memorysetup-job-temp-allocator-block-size-background=1048576"
    "memorysetup-job-temp-allocator-reduction-small-platforms=262144"
    "memorysetup-temp-allocator-size-background-worker=32768"
    "memorysetup-temp-allocator-size-job-worker=262144"
    "memorysetup-temp-allocator-size-preload-manager=33554432"
    "memorysetup-temp-allocator-size-nav-mesh-worker=65536"
    "memorysetup-temp-allocator-size-audio-worker=65536"
    "memorysetup-temp-allocator-size-cloud-worker=32768"
    "memorysetup-temp-allocator-size-gi-baking-worker=262144"
    "memorysetup-temp-allocator-size-gfx=262144"
Refreshing native plugins compatible for Editor in 71.40 ms, found 2 plugins.
Preloading 0 native plugins for Editor in 0.00 ms.
Initialize engine version: 2021.3.12f1 (8af3c3e441b1)
[Subsystems] Discovering subsystems at path /Users/elim/Unity/2021.3.12f1/Unity.app/Contents/Resources/UnitySubsystems
[Subsystems] Discovering subsystems at path /Users/elim/open-ai-hackathon/CyberBusters/Assets
GfxDevice: creating device client; threaded=0; jobified=0
 preferred device: Apple M1 (high power)
Metal devices available: 1
0: Apple M1 (high power)
Using device Apple M1 (high power)
Initializing Metal device caps: Apple M1
Initialize mono
Mono path[0] = '/Users/elim/Unity/2021.3.12f1/Unity.app/Contents/Managed'
Mono path[1] = '/Users/elim/Unity/2021.3.12f1/Unity.app/Contents/MonoBleedingEdge/lib/mono/unityjit-macos'
Mono config path = '/Users/elim/Unity/2021.3.12f1/Unity.app/Contents/MonoBleedingEdge/etc'
Using monoOptions --debugger-agent=transport=dt_socket,embedding=1,server=y,suspend=n,address=127.0.0.1:56155
Begin MonoManager ReloadAssembly
Registering precompiled unity dll's ...
Register platform support module: /Users/elim/Unity/2021.3.12f1/PlaybackEngines/WebGLSupport/UnityEditor.WebGL.Extensions.dll
Register platform support module: /Users/elim/Unity/2021.3.12f1/Unity.app/Contents/PlaybackEngines/MacStandaloneSupport/UnityEditor.OSXStandalone.Extensions.dll
Registered in 0.000366 seconds.
Native extension for OSXStandalone target not found
Native extension for WebGL target not found
Refreshing native plugins compatible for Editor in 60.41 ms, found 2 plugins.
Preloading 0 native plugins for Editor in 0.00 ms.
Mono: successfully reloaded assembly
- Completed reload, in  0.422 seconds
Domain Reload Profiling:
	ReloadAssembly (422ms)
		BeginReloadAssembly (41ms)
			ExecutionOrderSort (0ms)
			DisableScriptedObjects (0ms)
			BackupInstance (0ms)
			ReleaseScriptingObjects (0ms)
			CreateAndSetChildDomain (0ms)
		EndReloadAssembly (312ms)
			LoadAssemblies (43ms)
			RebuildTransferFunctionScriptingTraits (0ms)
			SetupTypeCache (77ms)
			ReleaseScriptCaches (0ms)
			RebuildScriptCaches (20ms)
			SetupLoadedEditorAssemblies (184ms)
				LogAssemblyErrors (0ms)
				InitializePlatformSupportModulesInManaged (4ms)
				SetLoadedEditorAssemblies (0ms)
				RefreshPlugins (60ms)
				BeforeProcessingInitializeOnLoad (1ms)
				ProcessInitializeOnLoadAttributes (93ms)
				ProcessInitializeOnLoadMethodAttributes (26ms)
				AfterProcessingInitializeOnLoad (0ms)
				EditorAssembliesLoaded (0ms)
			ExecutionOrderSort2 (0ms)
			AwakeInstancesAfterBackupRestoration (0ms)
Platform modules already initialized, skipping
Registering precompiled user dll's ...
Registered in 0.001125 seconds.
Begin MonoManager ReloadAssembly
Symbol file LoadedFromMemory doesn't match image /Users/elim/open-ai-hackathon/CyberBusters/Library/PackageCache/com.unity.visualscripting@1.7.8/Editor/VisualScripting.Core/Dependencies/YamlDotNet/Unity.VisualScripting.YamlDotNet.dll
Symbol file LoadedFromMemory doesn't match image /Users/elim/open-ai-hackathon/CyberBusters/Library/PackageCache/com.unity.visualscripting@1.7.8/Editor/VisualScripting.Core/Dependencies/DotNetZip/Unity.VisualScripting.IonicZip.dll
Native extension for OSXStandalone target not found
Native extension for WebGL target not found
Refreshing native plugins compatible for Editor in 0.30 ms, found 2 plugins.
Preloading 0 native plugins for Editor in 0.00 ms.
Mono: successfully reloaded assembly
- Completed reload, in  0.749 seconds
Domain Reload Profiling:
	ReloadAssembly (750ms)
		BeginReloadAssembly (63ms)
			ExecutionOrderSort (0ms)
			DisableScriptedObjects (3ms)
			BackupInstance (0ms)
			ReleaseScriptingObjects (0ms)
			CreateAndSetChildDomain (20ms)
		EndReloadAssembly (607ms)
			LoadAssemblies (95ms)
			RebuildTransferFunctionScriptingTraits (0ms)
			SetupTypeCache (211ms)
			ReleaseScriptCaches (1ms)
			RebuildScriptCaches (37ms)
			SetupLoadedEditorAssemblies (234ms)
				LogAssemblyErrors (0ms)
				InitializePlatformSupportModulesInManaged (3ms)
				SetLoadedEditorAssemblies (0ms)
				RefreshPlugins (0ms)
				BeforeProcessingInitializeOnLoad (52ms)
				ProcessInitializeOnLoadAttributes (160ms)
				ProcessInitializeOnLoadMethodAttributes (18ms)
				AfterProcessingInitializeOnLoad (1ms)
				EditorAssembliesLoaded (0ms)
			ExecutionOrderSort2 (0ms)
			AwakeInstancesAfterBackupRestoration (2ms)
Platform modules already initialized, skipping
========================================================================
Worker process is ready to serve import requests
Launching external process: /Users/elim/Unity/2021.3.12f1/Unity.app/Contents/Tools/UnityShaderCompiler
Launched and connected shader compiler UnityShaderCompiler after 0.05 seconds
Refreshing native plugins compatible for Editor in 0.31 ms, found 2 plugins.
Preloading 0 native plugins for Editor in 0.00 ms.
Unloading 3344 Unused Serialized files (Serialized files now loaded: 0)
Unloading 25 unused Assets / (43.7 KB). Loaded Objects now: 3803.
Memory consumption went from 229.9 MB to 229.8 MB.
Total: 2.373250 ms (FindLiveObjects: 0.113709 ms CreateObjectMapping: 0.037667 ms MarkObjects: 2.175375 ms  DeleteObjects: 0.045500 ms)

AssetImportParameters requested are different than current active one (requested -> active):
  custom:video-decoder-ogg-theora: a1e56fd34408186e4bbccfd4996cb3dc -> 
  custom:container-muxer-webm: aa71ff27fc2769a1b78a27578f13a17b -> 
  custom:container-demuxer-webm: 4f35f7cbe854078d1ac9338744f61a02 -> 
  custom:video-encoder-webm-vp8: eb34c28f22e8b96e1ab97ce403110664 -> 
  custom:framework-osx-AVFoundation: e770b220cccbd017edd2c1fefb359320 -> 
  custom:audio-encoder-webm-vorbis: bf7c407c2cedff20999df2af8eb42d56 -> 
  custom:container-demuxer-ogg: 62fdf1f143b41e24485cea50d1cbac27 -> 
  custom:video-decoder-webm-vp8: 9c59270c3fd7afecdb556c50c9e8de78 -> 
  custom:audio-decoder-ogg-vorbis: bf7c407c2cedff20999df2af8eb42d56 -> 
========================================================================
Received Prepare
Registering precompiled user dll's ...
Registered in 0.001390 seconds.
Begin MonoManager ReloadAssembly
Thread 0x175547000 may have been prematurely finalized
Symbol file LoadedFromMemory doesn't match image /Users/elim/open-ai-hackathon/CyberBusters/Library/PackageCache/com.unity.visualscripting@1.7.8/Editor/VisualScripting.Core/Dependencies/YamlDotNet/Unity.VisualScripting.YamlDotNet.dll
Symbol file LoadedFromMemory doesn't match image /Users/elim/open-ai-hackathon/CyberBusters/Library/PackageCache/com.unity.visualscripting@1.7.8/Editor/VisualScripting.Core/Dependencies/DotNetZip/Unity.VisualScripting.IonicZip.dll
Native extension for OSXStandalone target not found
Native extension for WebGL target not found
Refreshing native plugins compatible for Editor in 0.44 ms, found 2 plugins.
Preloading 0 native plugins for Editor in 0.00 ms.
Mono: successfully reloaded assembly
- Completed reload, in  0.904 seconds
Domain Reload Profiling:
	ReloadAssembly (905ms)
		BeginReloadAssembly (175ms)
			ExecutionOrderSort (0ms)
			DisableScriptedObjects (8ms)
			BackupInstance (0ms)
			ReleaseScriptingObjects (0ms)
			CreateAndSetChildDomain (93ms)
		EndReloadAssembly (641ms)
			LoadAssemblies (53ms)
			RebuildTransferFunctionScriptingTraits (0ms)
			SetupTypeCache (268ms)
			ReleaseScriptCaches (1ms)
			RebuildScriptCaches (47ms)
			SetupLoadedEditorAssemblies (234ms)
				LogAssemblyErrors (0ms)
				InitializePlatformSupportModulesInManaged (6ms)
				SetLoadedEditorAssemblies (0ms)
				RefreshPlugins (0ms)
				BeforeProcessingInitializeOnLoad (44ms)
				ProcessInitializeOnLoadAttributes (166ms)
				ProcessInitializeOnLoadMethodAttributes (16ms)
				AfterProcessingInitializeOnLoad (1ms)
				EditorAssembliesLoaded (0ms)
			ExecutionOrderSort2 (0ms)
			AwakeInstancesAfterBackupRestoration (3ms)
Platform modules already initialized, skipping
Refreshing native plugins compatible for Editor in 1.00 ms, found 2 plugins.
Preloading 0 native plugins for Editor in 0.00 ms.
Unloading 3336 Unused Serialized files (Serialized files now loaded: 0)
Unloading 18 unused Assets / (21.9 KB). Loaded Objects now: 3806.
Memory consumption went from 229.4 MB to 229.4 MB.
Total: 2.645958 ms (FindLiveObjects: 0.177500 ms CreateObjectMapping: 0.059000 ms MarkObjects: 2.386667 ms  DeleteObjects: 0.022000 ms)

AssetImportParameters requested are different than current active one (requested -> active):
  custom:video-decoder-ogg-theora: a1e56fd34408186e4bbccfd4996cb3dc -> 
  custom:container-muxer-webm: aa71ff27fc2769a1b78a27578f13a17b -> 
  custom:container-demuxer-webm: 4f35f7cbe854078d1ac9338744f61a02 -> 
  custom:video-encoder-webm-vp8: eb34c28f22e8b96e1ab97ce403110664 -> 
  custom:framework-osx-AVFoundation: e770b220cccbd017edd2c1fefb359320 -> 
  custom:audio-encoder-webm-vorbis: bf7c407c2cedff20999df2af8eb42d56 -> 
  custom:container-demuxer-ogg: 62fdf1f143b41e24485cea50d1cbac27 -> 
  custom:video-decoder-webm-vp8: 9c59270c3fd7afecdb556c50c9e8de78 -> 
  custom:audio-decoder-ogg-vorbis: bf7c407c2cedff20999df2af8eb42d56 -> 
========================================================================
Received Import Request.
  Time since last request: 13287.447060 seconds.
  path: Assets/Park Assets/Prefab/Bush.prefab
  artifactKey: Guid(357b31d3b75bae24ba0434ac20bfa6d3) Importer(815301076,1909f56bfc062723c751e8b465ee728b)
Start importing Assets/Park Assets/Prefab/Bush.prefab using Guid(357b31d3b75bae24ba0434ac20bfa6d3) Importer(815301076,1909f56bfc062723c751e8b465ee728b)  -> (artifact id: '63bbe5afbf89e2354fb087498c287791') in 0.415688 seconds 
========================================================================
Received Import Request.
  Time since last request: 0.000089 seconds.
  path: Assets/Park Assets/Prefab/Cloud.prefab
  artifactKey: Guid(167eea3bc677b924a931082264cd3fbb) Importer(815301076,1909f56bfc062723c751e8b465ee728b)
Start importing Assets/Park Assets/Prefab/Cloud.prefab using Guid(167eea3bc677b924a931082264cd3fbb) Importer(815301076,1909f56bfc062723c751e8b465ee728b)  -> (artifact id: '9f84d615fcc9f71d795a44f916a138f5') in 0.008004 seconds 
========================================================================
Received Import Request.
  Time since last request: 4.117968 seconds.
  path: Assets/Park Assets/Models/Cloud.fbx
  artifactKey: Guid(94c5b8c2b91db584f92d250c3ea40652) Importer(815301076,1909f56bfc062723c751e8b465ee728b)
Start importing Assets/Park Assets/Models/Cloud.fbx using Guid(94c5b8c2b91db584f92d250c3ea40652) Importer(815301076,1909f56bfc062723c751e8b465ee728b)  -> (artifact id: '41b3e9f87db71e52c521f3dbb9a2db96') in 0.118892 seconds 
========================================================================
Received Import Request.
  Time since last request: 0.000077 seconds.
  path: Assets/Park Assets/Models/Flower_1.fbx
  artifactKey: Guid(66abc4e0dfcc6bf478424249b8cfa8cc) Importer(815301076,1909f56bfc062723c751e8b465ee728b)
Start importing Assets/Park Assets/Models/Flower_1.fbx using Guid(66abc4e0dfcc6bf478424249b8cfa8cc) Importer(815301076,1909f56bfc062723c751e8b465ee728b)  -> (artifact id: '9334ff039a575a20dd1188efa9d90df1') in 0.005660 seconds 
========================================================================
Received Import Request.
  Time since last request: 0.000075 seconds.
  path: Assets/Park Assets/Models/Stone_Path_EdgePiece2.fbx
  artifactKey: Guid(bbe04970bb9d1774aa834e9af4a60b38) Importer(815301076,1909f56bfc062723c751e8b465ee728b)
Start importing Assets/Park Assets/Models/Stone_Path_EdgePiece2.fbx using Guid(bbe04970bb9d1774aa834e9af4a60b38) Importer(815301076,1909f56bfc062723c751e8b465ee728b)  -> (artifact id: 'b209664b9c172ac6b613d61e3c7f0105') in 0.007739 seconds 
========================================================================
Received Import Request.
  Time since last request: 0.000054 seconds.
  path: Assets/Park Assets/Models/Stone_Path_TPart.fbx
  artifactKey: Guid(e677a06aa69708643808aa73b6e5ea44) Importer(815301076,1909f56bfc062723c751e8b465ee728b)
Start importing Assets/Park Assets/Models/Stone_Path_TPart.fbx using Guid(e677a06aa69708643808aa73b6e5ea44) Importer(815301076,1909f56bfc062723c751e8b465ee728b)  -> (artifact id: 'c28d0ceede3a44dbfe8b4c2ceead5d8c') in 0.019644 seconds 
========================================================================
Received Import Request.
  Time since last request: 0.000139 seconds.
  path: Assets/Park Assets/Models/Stone_Path_Bank.fbx
  artifactKey: Guid(8171e3b3272507049b22f3076cd1518f) Importer(815301076,1909f56bfc062723c751e8b465ee728b)
Start importing Assets/Park Assets/Models/Stone_Path_Bank.fbx using Guid(8171e3b3272507049b22f3076cd1518f) Importer(815301076,1909f56bfc062723c751e8b465ee728b)  -> (artifact id: '836f26bbb4af7b7be2fd527fde0adfa9') in 0.009483 seconds 
========================================================================
Received Import Request.
  Time since last request: 0.000100 seconds.
  path: Assets/Park Assets/Models/Grass_01.fbx
  artifactKey: Guid(164443ba96beb14469c74db2e920ecb0) Importer(815301076,1909f56bfc062723c751e8b465ee728b)
Start importing Assets/Park Assets/Models/Grass_01.fbx using Guid(164443ba96beb14469c74db2e920ecb0) Importer(815301076,1909f56bfc062723c751e8b465ee728b)  -> (artifact id: 'e0dfb5b1d0e05a13f5319078049ff7da') in 0.008825 seconds 
========================================================================
Received Import Request.
  Time since last request: 0.000062 seconds.
  path: Assets/Park Assets/Models/Stone1.fbx
  artifactKey: Guid(3ba6e2c5d0e375f4989061e086e8d5e5) Importer(815301076,1909f56bfc062723c751e8b465ee728b)
Start importing Assets/Park Assets/Models/Stone1.fbx using Guid(3ba6e2c5d0e375f4989061e086e8d5e5) Importer(815301076,1909f56bfc062723c751e8b465ee728b)  -> (artifact id: '748cc40c1f0436f936b68d4ae2df7dfd') in 0.008380 seconds 
Editor requested this worker to shutdown with reason: Scaling down because of idle timeout
AssetImportWorker is now disconnected from the server
Process exiting
