Unity Editor version:    2021.3.12f1 (8af3c3e441b1)
Branch:                  2021.3/release
Build type:              Release
Batch mode:              YES
macOS version:           Version 12.2.1 (Build 21D62)
Darwin version:          21.3.0
Architecture:            arm64
Running under Rosetta:   NO
Available memory:        8192 MB
Using pre-set license
Pro License: YES

COMMAND LINE ARGUMENTS:
/Users/elim/Unity/2021.3.12f1/Unity.app/Contents/MacOS/Unity
-adb2
-batchMode
-noUpm
-name
AssetImportWorker0
-projectPath
/Users/elim/open-ai-hackathon/CyberBusters
-logFile
Logs/AssetImportWorker0.log
-srvPort
49799
Successfully changed project path to: /Users/elim/open-ai-hackathon/CyberBusters
/Users/elim/open-ai-hackathon/CyberBusters
[UnityMemory] Configuration Parameters - Can be set up in boot.config
    "memorysetup-bucket-allocator-granularity=16"
    "memorysetup-bucket-allocator-bucket-count=8"
    "memorysetup-bucket-allocator-block-size=33554432"
    "memorysetup-bucket-allocator-block-count=8"
    "memorysetup-main-allocator-block-size=16777216"
    "memorysetup-thread-allocator-block-size=16777216"
    "memorysetup-gfx-main-allocator-block-size=16777216"
    "memorysetup-gfx-thread-allocator-block-size=16777216"
    "memorysetup-cache-allocator-block-size=4194304"
    "memorysetup-typetree-allocator-block-size=2097152"
    "memorysetup-profiler-bucket-allocator-granularity=16"
    "memorysetup-profiler-bucket-allocator-bucket-count=8"
    "memorysetup-profiler-bucket-allocator-block-size=33554432"
    "memorysetup-profiler-bucket-allocator-block-count=8"
    "memorysetup-profiler-allocator-block-size=16777216"
    "memorysetup-profiler-editor-allocator-block-size=1048576"
    "memorysetup-temp-allocator-size-main=16777216"
    "memorysetup-job-temp-allocator-block-size=2097152"
    "memorysetup-job-temp-allocator-block-size-background=1048576"
    "memorysetup-job-temp-allocator-reduction-small-platforms=262144"
    "memorysetup-temp-allocator-size-background-worker=32768"
    "memorysetup-temp-allocator-size-job-worker=262144"
    "memorysetup-temp-allocator-size-preload-manager=33554432"
    "memorysetup-temp-allocator-size-nav-mesh-worker=65536"
    "memorysetup-temp-allocator-size-audio-worker=65536"
    "memorysetup-temp-allocator-size-cloud-worker=32768"
    "memorysetup-temp-allocator-size-gi-baking-worker=262144"
    "memorysetup-temp-allocator-size-gfx=262144"
Refreshing native plugins compatible for Editor in 56.56 ms, found 2 plugins.
Preloading 0 native plugins for Editor in 0.00 ms.
Initialize engine version: 2021.3.12f1 (8af3c3e441b1)
[Subsystems] Discovering subsystems at path /Users/elim/Unity/2021.3.12f1/Unity.app/Contents/Resources/UnitySubsystems
[Subsystems] Discovering subsystems at path /Users/elim/open-ai-hackathon/CyberBusters/Assets
GfxDevice: creating device client; threaded=0; jobified=0
 preferred device: Apple M1 (high power)
Metal devices available: 1
0: Apple M1 (high power)
Using device Apple M1 (high power)
Initializing Metal device caps: Apple M1
Initialize mono
Mono path[0] = '/Users/elim/Unity/2021.3.12f1/Unity.app/Contents/Managed'
Mono path[1] = '/Users/elim/Unity/2021.3.12f1/Unity.app/Contents/MonoBleedingEdge/lib/mono/unityjit-macos'
Mono config path = '/Users/elim/Unity/2021.3.12f1/Unity.app/Contents/MonoBleedingEdge/etc'
Using monoOptions --debugger-agent=transport=dt_socket,embedding=1,server=y,suspend=n,address=127.0.0.1:56715
Begin MonoManager ReloadAssembly
Registering precompiled unity dll's ...
Register platform support module: /Users/elim/Unity/2021.3.12f1/PlaybackEngines/WebGLSupport/UnityEditor.WebGL.Extensions.dll
Register platform support module: /Users/elim/Unity/2021.3.12f1/Unity.app/Contents/PlaybackEngines/MacStandaloneSupport/UnityEditor.OSXStandalone.Extensions.dll
Registered in 0.002100 seconds.
Native extension for OSXStandalone target not found
Native extension for WebGL target not found
Refreshing native plugins compatible for Editor in 61.10 ms, found 2 plugins.
Preloading 0 native plugins for Editor in 0.00 ms.
Mono: successfully reloaded assembly
- Completed reload, in  0.472 seconds
Domain Reload Profiling:
	ReloadAssembly (472ms)
		BeginReloadAssembly (82ms)
			ExecutionOrderSort (0ms)
			DisableScriptedObjects (0ms)
			BackupInstance (0ms)
			ReleaseScriptingObjects (0ms)
			CreateAndSetChildDomain (1ms)
		EndReloadAssembly (317ms)
			LoadAssemblies (83ms)
			RebuildTransferFunctionScriptingTraits (0ms)
			SetupTypeCache (77ms)
			ReleaseScriptCaches (0ms)
			RebuildScriptCaches (21ms)
			SetupLoadedEditorAssemblies (190ms)
				LogAssemblyErrors (0ms)
				InitializePlatformSupportModulesInManaged (4ms)
				SetLoadedEditorAssemblies (0ms)
				RefreshPlugins (61ms)
				BeforeProcessingInitializeOnLoad (1ms)
				ProcessInitializeOnLoadAttributes (97ms)
				ProcessInitializeOnLoadMethodAttributes (27ms)
				AfterProcessingInitializeOnLoad (0ms)
				EditorAssembliesLoaded (0ms)
			ExecutionOrderSort2 (0ms)
			AwakeInstancesAfterBackupRestoration (0ms)
Platform modules already initialized, skipping
Registering precompiled user dll's ...
Registered in 0.001171 seconds.
Begin MonoManager ReloadAssembly
Symbol file LoadedFromMemory doesn't match image /Users/elim/open-ai-hackathon/CyberBusters/Library/PackageCache/com.unity.visualscripting@1.7.8/Editor/VisualScripting.Core/Dependencies/YamlDotNet/Unity.VisualScripting.YamlDotNet.dll
Symbol file LoadedFromMemory doesn't match image /Users/elim/open-ai-hackathon/CyberBusters/Library/PackageCache/com.unity.visualscripting@1.7.8/Editor/VisualScripting.Core/Dependencies/DotNetZip/Unity.VisualScripting.IonicZip.dll
Native extension for OSXStandalone target not found
Native extension for WebGL target not found
Refreshing native plugins compatible for Editor in 0.29 ms, found 2 plugins.
Preloading 0 native plugins for Editor in 0.00 ms.
Mono: successfully reloaded assembly
- Completed reload, in  0.705 seconds
Domain Reload Profiling:
	ReloadAssembly (706ms)
		BeginReloadAssembly (67ms)
			ExecutionOrderSort (0ms)
			DisableScriptedObjects (3ms)
			BackupInstance (0ms)
			ReleaseScriptingObjects (0ms)
			CreateAndSetChildDomain (21ms)
		EndReloadAssembly (557ms)
			LoadAssemblies (87ms)
			RebuildTransferFunctionScriptingTraits (0ms)
			SetupTypeCache (185ms)
			ReleaseScriptCaches (0ms)
			RebuildScriptCaches (33ms)
			SetupLoadedEditorAssemblies (226ms)
				LogAssemblyErrors (0ms)
				InitializePlatformSupportModulesInManaged (2ms)
				SetLoadedEditorAssemblies (0ms)
				RefreshPlugins (0ms)
				BeforeProcessingInitializeOnLoad (50ms)
				ProcessInitializeOnLoadAttributes (156ms)
				ProcessInitializeOnLoadMethodAttributes (17ms)
				AfterProcessingInitializeOnLoad (1ms)
				EditorAssembliesLoaded (0ms)
			ExecutionOrderSort2 (0ms)
			AwakeInstancesAfterBackupRestoration (2ms)
Platform modules already initialized, skipping
========================================================================
Worker process is ready to serve import requests
Launching external process: /Users/elim/Unity/2021.3.12f1/Unity.app/Contents/Tools/UnityShaderCompiler
Launched and connected shader compiler UnityShaderCompiler after 0.05 seconds
Refreshing native plugins compatible for Editor in 0.33 ms, found 2 plugins.
Preloading 0 native plugins for Editor in 0.00 ms.
Unloading 3341 Unused Serialized files (Serialized files now loaded: 0)
Unloading 25 unused Assets / (44.1 KB). Loaded Objects now: 3800.
Memory consumption went from 229.7 MB to 229.6 MB.
Total: 2.106750 ms (FindLiveObjects: 0.135250 ms CreateObjectMapping: 0.044458 ms MarkObjects: 1.886125 ms  DeleteObjects: 0.040209 ms)

AssetImportParameters requested are different than current active one (requested -> active):
  custom:video-decoder-ogg-theora: a1e56fd34408186e4bbccfd4996cb3dc -> 
  custom:container-muxer-webm: aa71ff27fc2769a1b78a27578f13a17b -> 
  custom:container-demuxer-webm: 4f35f7cbe854078d1ac9338744f61a02 -> 
  custom:video-encoder-webm-vp8: eb34c28f22e8b96e1ab97ce403110664 -> 
  custom:framework-osx-AVFoundation: e770b220cccbd017edd2c1fefb359320 -> 
  custom:audio-encoder-webm-vorbis: bf7c407c2cedff20999df2af8eb42d56 -> 
  custom:container-demuxer-ogg: 62fdf1f143b41e24485cea50d1cbac27 -> 
  custom:video-decoder-webm-vp8: 9c59270c3fd7afecdb556c50c9e8de78 -> 
  custom:audio-decoder-ogg-vorbis: bf7c407c2cedff20999df2af8eb42d56 -> 
========================================================================
Received Import Request.
  Time since last request: 12049.281786 seconds.
  path: Assets/Models/FBX with Atlas/Rin_(FBX)@Mma Kick.fbx
  artifactKey: Guid(09fd8566187694c76abc73a22d60dabc) Importer(815301076,1909f56bfc062723c751e8b465ee728b)
Start importing Assets/Models/FBX with Atlas/Rin_(FBX)@Mma Kick.fbx using Guid(09fd8566187694c76abc73a22d60dabc) Importer(815301076,1909f56bfc062723c751e8b465ee728b)  -> (artifact id: '4550a9d3ce1023ae7ee3cde3ad2278aa') in 0.067121 seconds 
========================================================================
Received Import Request.
  Time since last request: 50.594288 seconds.
  path: Assets/Models/FBX with Atlas/Rin_(FBX)@Mma Kick (1).fbx
  artifactKey: Guid(903feb22bcb9e45bbbf340d8f1c1771a) Importer(815301076,1909f56bfc062723c751e8b465ee728b)
Start importing Assets/Models/FBX with Atlas/Rin_(FBX)@Mma Kick (1).fbx using Guid(903feb22bcb9e45bbbf340d8f1c1771a) Importer(815301076,1909f56bfc062723c751e8b465ee728b)  -> (artifact id: '0e70310319a61a1c4cdfec1aadcf189a') in 0.004241 seconds 
========================================================================
Received Import Request.
  Time since last request: 7.031821 seconds.
  path: Assets/Models/FBX with Atlas/Rin Controller.controller
  artifactKey: Guid(2c2d5a2ef0c84ea4d845052475c9dcbe) Importer(815301076,1909f56bfc062723c751e8b465ee728b)
Start importing Assets/Models/FBX with Atlas/Rin Controller.controller using Guid(2c2d5a2ef0c84ea4d845052475c9dcbe) Importer(815301076,1909f56bfc062723c751e8b465ee728b)  -> (artifact id: 'e0051a244df7deadd1fcd76c0a9bc23b') in 0.046844 seconds 
========================================================================
Received Import Request.
  Time since last request: 75.589315 seconds.
  path: Assets/Models/FBX with Atlas/Rin_(FBX)@Mma Kick.fbx
  artifactKey: Guid(09fd8566187694c76abc73a22d60dabc) Importer(815301076,1909f56bfc062723c751e8b465ee728b)
Start importing Assets/Models/FBX with Atlas/Rin_(FBX)@Mma Kick.fbx using Guid(09fd8566187694c76abc73a22d60dabc) Importer(815301076,1909f56bfc062723c751e8b465ee728b)  -> (artifact id: '58653805f5dc3fd76fb520e57c398ec5') in 0.015195 seconds 
========================================================================
Received Import Request.
  Time since last request: 481.097043 seconds.
  path: Assets/Models/Katana
  artifactKey: Guid(938ad601c67d24ae0a7bc54ab3e28243) Importer(815301076,1909f56bfc062723c751e8b465ee728b)
Start importing Assets/Models/Katana using Guid(938ad601c67d24ae0a7bc54ab3e28243) Importer(815301076,1909f56bfc062723c751e8b465ee728b)  -> (artifact id: '5933ee706dc68a3e7c5dd8af1e3f6adf') in 0.001629 seconds 
========================================================================
Received Import Request.
  Time since last request: 12.089148 seconds.
  path: Assets/Models/Katana/Katana_export.fbx
  artifactKey: Guid(10af088e5c6984ea29c03b2c5e4e433f) Importer(815301076,1909f56bfc062723c751e8b465ee728b)
Start importing Assets/Models/Katana/Katana_export.fbx using Guid(10af088e5c6984ea29c03b2c5e4e433f) Importer(815301076,1909f56bfc062723c751e8b465ee728b)  -> (artifact id: 'ec2167f994e11746ef66d68c094ec266') in 0.145615 seconds 
========================================================================
Received Prepare
Registering precompiled user dll's ...
Registered in 0.002311 seconds.
Begin MonoManager ReloadAssembly
Thread 0x287087000 may have been prematurely finalized
Symbol file LoadedFromMemory doesn't match image /Users/elim/open-ai-hackathon/CyberBusters/Library/PackageCache/com.unity.visualscripting@1.7.8/Editor/VisualScripting.Core/Dependencies/YamlDotNet/Unity.VisualScripting.YamlDotNet.dll
Symbol file LoadedFromMemory doesn't match image /Users/elim/open-ai-hackathon/CyberBusters/Library/PackageCache/com.unity.visualscripting@1.7.8/Editor/VisualScripting.Core/Dependencies/DotNetZip/Unity.VisualScripting.IonicZip.dll
Native extension for OSXStandalone target not found
Native extension for WebGL target not found
Refreshing native plugins compatible for Editor in 0.34 ms, found 2 plugins.
Preloading 0 native plugins for Editor in 0.00 ms.
Mono: successfully reloaded assembly
- Completed reload, in  0.773 seconds
Domain Reload Profiling:
	ReloadAssembly (774ms)
		BeginReloadAssembly (124ms)
			ExecutionOrderSort (0ms)
			DisableScriptedObjects (3ms)
			BackupInstance (0ms)
			ReleaseScriptingObjects (0ms)
			CreateAndSetChildDomain (47ms)
		EndReloadAssembly (579ms)
			LoadAssemblies (103ms)
			RebuildTransferFunctionScriptingTraits (0ms)
			SetupTypeCache (220ms)
			ReleaseScriptCaches (1ms)
			RebuildScriptCaches (29ms)
			SetupLoadedEditorAssemblies (211ms)
				LogAssemblyErrors (0ms)
				InitializePlatformSupportModulesInManaged (6ms)
				SetLoadedEditorAssemblies (0ms)
				RefreshPlugins (0ms)
				BeforeProcessingInitializeOnLoad (36ms)
				ProcessInitializeOnLoadAttributes (150ms)
				ProcessInitializeOnLoadMethodAttributes (17ms)
				AfterProcessingInitializeOnLoad (1ms)
				EditorAssembliesLoaded (0ms)
			ExecutionOrderSort2 (0ms)
			AwakeInstancesAfterBackupRestoration (3ms)
Platform modules already initialized, skipping
Refreshing native plugins compatible for Editor in 0.68 ms, found 2 plugins.
Preloading 0 native plugins for Editor in 0.00 ms.
Unloading 3337 Unused Serialized files (Serialized files now loaded: 0)
Unloading 19 unused Assets / (46.5 KB). Loaded Objects now: 3849.
Memory consumption went from 243.8 MB to 243.7 MB.
Total: 3.610625 ms (FindLiveObjects: 0.124417 ms CreateObjectMapping: 0.041875 ms MarkObjects: 1.978791 ms  DeleteObjects: 1.464959 ms)

AssetImportParameters requested are different than current active one (requested -> active):
  custom:video-decoder-ogg-theora: a1e56fd34408186e4bbccfd4996cb3dc -> 
  custom:container-muxer-webm: aa71ff27fc2769a1b78a27578f13a17b -> 
  custom:container-demuxer-webm: 4f35f7cbe854078d1ac9338744f61a02 -> 
  custom:video-encoder-webm-vp8: eb34c28f22e8b96e1ab97ce403110664 -> 
  custom:framework-osx-AVFoundation: e770b220cccbd017edd2c1fefb359320 -> 
  custom:audio-encoder-webm-vorbis: bf7c407c2cedff20999df2af8eb42d56 -> 
  custom:container-demuxer-ogg: 62fdf1f143b41e24485cea50d1cbac27 -> 
  custom:video-decoder-webm-vp8: 9c59270c3fd7afecdb556c50c9e8de78 -> 
  custom:audio-decoder-ogg-vorbis: bf7c407c2cedff20999df2af8eb42d56 -> 
========================================================================
Received Import Request.
  Time since last request: 69.854051 seconds.
  path: Assets/Rin New 3d - Anime Style
  artifactKey: Guid(f817d4abecf7ce44b98dedb645e1fa13) Importer(815301076,1909f56bfc062723c751e8b465ee728b)
Start importing Assets/Rin New 3d - Anime Style using Guid(f817d4abecf7ce44b98dedb645e1fa13) Importer(815301076,1909f56bfc062723c751e8b465ee728b)  -> (artifact id: '041bc8bc70e5e13a1a5266c0c369bdb3') in 0.007616 seconds 
========================================================================
Received Import Request.
  Time since last request: 0.029842 seconds.
  path: Assets/Rin New 3d - Anime Style/Rin New Prefab.prefab
  artifactKey: Guid(196405dd91626fd4c8aa9160f83204a2) Importer(815301076,1909f56bfc062723c751e8b465ee728b)
Start importing Assets/Rin New 3d - Anime Style/Rin New Prefab.prefab using Guid(196405dd91626fd4c8aa9160f83204a2) Importer(815301076,1909f56bfc062723c751e8b465ee728b)  -> (artifact id: 'ca231ada12ed4c37d39fbbb74805830c') in 0.378154 seconds 
========================================================================
Received Prepare
Registering precompiled user dll's ...
Registered in 0.001117 seconds.
Begin MonoManager ReloadAssembly
Thread 0x286087000 may have been prematurely finalized
Symbol file LoadedFromMemory doesn't match image /Users/elim/open-ai-hackathon/CyberBusters/Library/PackageCache/com.unity.visualscripting@1.7.8/Editor/VisualScripting.Core/Dependencies/YamlDotNet/Unity.VisualScripting.YamlDotNet.dll
Symbol file LoadedFromMemory doesn't match image /Users/elim/open-ai-hackathon/CyberBusters/Library/PackageCache/com.unity.visualscripting@1.7.8/Editor/VisualScripting.Core/Dependencies/DotNetZip/Unity.VisualScripting.IonicZip.dll
Native extension for OSXStandalone target not found
Native extension for WebGL target not found
Refreshing native plugins compatible for Editor in 0.51 ms, found 2 plugins.
Preloading 0 native plugins for Editor in 0.00 ms.
Mono: successfully reloaded assembly
- Completed reload, in  0.737 seconds
Domain Reload Profiling:
	ReloadAssembly (737ms)
		BeginReloadAssembly (127ms)
			ExecutionOrderSort (0ms)
			DisableScriptedObjects (4ms)
			BackupInstance (0ms)
			ReleaseScriptingObjects (0ms)
			CreateAndSetChildDomain (60ms)
		EndReloadAssembly (547ms)
			LoadAssemblies (56ms)
			RebuildTransferFunctionScriptingTraits (0ms)
			SetupTypeCache (219ms)
			ReleaseScriptCaches (1ms)
			RebuildScriptCaches (31ms)
			SetupLoadedEditorAssemblies (214ms)
				LogAssemblyErrors (0ms)
				InitializePlatformSupportModulesInManaged (9ms)
				SetLoadedEditorAssemblies (0ms)
				RefreshPlugins (1ms)
				BeforeProcessingInitializeOnLoad (36ms)
				ProcessInitializeOnLoadAttributes (152ms)
				ProcessInitializeOnLoadMethodAttributes (17ms)
				AfterProcessingInitializeOnLoad (1ms)
				EditorAssembliesLoaded (0ms)
			ExecutionOrderSort2 (0ms)
			AwakeInstancesAfterBackupRestoration (3ms)
Platform modules already initialized, skipping
Refreshing native plugins compatible for Editor in 0.73 ms, found 2 plugins.
Preloading 0 native plugins for Editor in 0.00 ms.
Unloading 3337 Unused Serialized files (Serialized files now loaded: 0)
Unloading 18 unused Assets / (22.0 KB). Loaded Objects now: 3854.
Memory consumption went from 260.8 MB to 260.7 MB.
Total: 2.207875 ms (FindLiveObjects: 0.110291 ms CreateObjectMapping: 0.094959 ms MarkObjects: 1.985333 ms  DeleteObjects: 0.016875 ms)

AssetImportParameters requested are different than current active one (requested -> active):
  custom:video-decoder-ogg-theora: a1e56fd34408186e4bbccfd4996cb3dc -> 
  custom:container-muxer-webm: aa71ff27fc2769a1b78a27578f13a17b -> 
  custom:container-demuxer-webm: 4f35f7cbe854078d1ac9338744f61a02 -> 
  custom:video-encoder-webm-vp8: eb34c28f22e8b96e1ab97ce403110664 -> 
  custom:framework-osx-AVFoundation: e770b220cccbd017edd2c1fefb359320 -> 
  custom:audio-encoder-webm-vorbis: bf7c407c2cedff20999df2af8eb42d56 -> 
  custom:container-demuxer-ogg: 62fdf1f143b41e24485cea50d1cbac27 -> 
  custom:video-decoder-webm-vp8: 9c59270c3fd7afecdb556c50c9e8de78 -> 
  custom:audio-decoder-ogg-vorbis: bf7c407c2cedff20999df2af8eb42d56 -> 
========================================================================
Received Import Request.
  Time since last request: 45.750985 seconds.
  path: Assets/Models/Sword_XR-8.obj
  artifactKey: Guid(5afceca0559654c8b878a3501b990ecd) Importer(815301076,1909f56bfc062723c751e8b465ee728b)
Start importing Assets/Models/Sword_XR-8.obj using Guid(5afceca0559654c8b878a3501b990ecd) Importer(815301076,1909f56bfc062723c751e8b465ee728b)  -> (artifact id: 'b54c7eb4fc2b6169dcfd2f6a0b5876bc') in 1.204278 seconds 
========================================================================
Received Import Request.
  Time since last request: 142.920095 seconds.
  path: Assets/Models/Rin New 3d - Anime Style/ReadMe!.txt
  artifactKey: Guid(0319dfa642210e549869a7490c805e92) Importer(815301076,1909f56bfc062723c751e8b465ee728b)
Start importing Assets/Models/Rin New 3d - Anime Style/ReadMe!.txt using Guid(0319dfa642210e549869a7490c805e92) Importer(815301076,1909f56bfc062723c751e8b465ee728b)  -> (artifact id: 'f1f71c3da8db587b329b38b308fb88d5') in 0.842200 seconds 
========================================================================
Received Import Request.
  Time since last request: 31.096698 seconds.
  path: Assets/Models/Rin New 3d - Anime Style/Rin Character
  artifactKey: Guid(33cd825880d2bf344b97d2f3b19a7a36) Importer(815301076,1909f56bfc062723c751e8b465ee728b)
Start importing Assets/Models/Rin New 3d - Anime Style/Rin Character using Guid(33cd825880d2bf344b97d2f3b19a7a36) Importer(815301076,1909f56bfc062723c751e8b465ee728b)  -> (artifact id: '964111edd36663f8346c5c40da25b985') in 0.001906 seconds 
========================================================================
Received Import Request.
  Time since last request: 0.029136 seconds.
  path: Assets/Models/Rin New 3d - Anime Style/Rin Character/Rin (Atlas FBX).fbx
  artifactKey: Guid(aa5b460e6ecf054499bd23c192b47870) Importer(815301076,1909f56bfc062723c751e8b465ee728b)
Start importing Assets/Models/Rin New 3d - Anime Style/Rin Character/Rin (Atlas FBX).fbx using Guid(aa5b460e6ecf054499bd23c192b47870) Importer(815301076,1909f56bfc062723c751e8b465ee728b)  -> (artifact id: 'f5bc1e023b1fc408fa126454a7f033a1') in 0.092925 seconds 
========================================================================
Received Import Request.
  Time since last request: 1.288220 seconds.
  path: Assets/Models/Rin New 3d - Anime Style/Rin Character/Textures
  artifactKey: Guid(617dd17c8bdf7984f9628f6418d50ceb) Importer(815301076,1909f56bfc062723c751e8b465ee728b)
Start importing Assets/Models/Rin New 3d - Anime Style/Rin Character/Textures using Guid(617dd17c8bdf7984f9628f6418d50ceb) Importer(815301076,1909f56bfc062723c751e8b465ee728b)  -> (artifact id: '964f5da09eee7f51f3db0f4929f32092') in 0.000940 seconds 
========================================================================
Received Import Request.
  Time since last request: 0.035847 seconds.
  path: Assets/Models/Rin New 3d - Anime Style/Rin Character/Textures/Atlas_75340.png
  artifactKey: Guid(0cabd63439a2ef148b03845d64b5400a) Importer(815301076,1909f56bfc062723c751e8b465ee728b)
Start importing Assets/Models/Rin New 3d - Anime Style/Rin Character/Textures/Atlas_75340.png using Guid(0cabd63439a2ef148b03845d64b5400a) Importer(815301076,1909f56bfc062723c751e8b465ee728b)  -> (artifact id: 'e73390a845379c66bf4a34c3bfaf3eed') in 0.423580 seconds 
========================================================================
Received Import Request.
  Time since last request: 0.000095 seconds.
  path: Assets/Models/Rin New 3d - Anime Style/Rin Character/Textures/Matcap_RimHair.png
  artifactKey: Guid(889277723a5708b4e80273a318417820) Importer(815301076,1909f56bfc062723c751e8b465ee728b)
Start importing Assets/Models/Rin New 3d - Anime Style/Rin Character/Textures/Matcap_RimHair.png using Guid(889277723a5708b4e80273a318417820) Importer(815301076,1909f56bfc062723c751e8b465ee728b)  -> (artifact id: 'ff1994455a9fd6fa1b849e02c9e0ed49') in 0.006093 seconds 
========================================================================
Received Import Request.
  Time since last request: 0.000048 seconds.
  path: Assets/Models/Rin New 3d - Anime Style/Rin Character/Textures/F00_000_00_Face_00_nml.png
  artifactKey: Guid(0911756c4105eff418d2b1f08f9c4d2a) Importer(815301076,1909f56bfc062723c751e8b465ee728b)
Start importing Assets/Models/Rin New 3d - Anime Style/Rin Character/Textures/F00_000_00_Face_00_nml.png using Guid(0911756c4105eff418d2b1f08f9c4d2a) Importer(815301076,1909f56bfc062723c751e8b465ee728b)  -> (artifact id: '954639de7f492d861e2982a044068f6b') in 0.008328 seconds 
========================================================================
Received Import Request.
  Time since last request: 0.000092 seconds.
  path: Assets/Models/Rin New 3d - Anime Style/Rin Character/Textures/F00_001_01_Body_00_nml.png
  artifactKey: Guid(a1ca3ff2533e4dd4b9644394a39ee842) Importer(815301076,1909f56bfc062723c751e8b465ee728b)
Start importing Assets/Models/Rin New 3d - Anime Style/Rin Character/Textures/F00_001_01_Body_00_nml.png using Guid(a1ca3ff2533e4dd4b9644394a39ee842) Importer(815301076,1909f56bfc062723c751e8b465ee728b)  -> (artifact id: '8138090b1ceafe1b1347881fe7dfa3b4') in 0.007727 seconds 
========================================================================
Received Import Request.
  Time since last request: 0.000065 seconds.
  path: Assets/Models/Rin New 3d - Anime Style/Rin Character/Textures/Shader_NoneBlack_0.png
  artifactKey: Guid(8d79872a52aeb17459c29c14de9f3c08) Importer(815301076,1909f56bfc062723c751e8b465ee728b)
Start importing Assets/Models/Rin New 3d - Anime Style/Rin Character/Textures/Shader_NoneBlack_0.png using Guid(8d79872a52aeb17459c29c14de9f3c08) Importer(815301076,1909f56bfc062723c751e8b465ee728b)  -> (artifact id: 'f82d1b2187d147da6a645fa8a9e149b8') in 0.004640 seconds 
========================================================================
Received Import Request.
  Time since last request: 0.000069 seconds.
  path: Assets/Models/Rin New 3d - Anime Style/Rin Character/Textures/Matcap_Rim.png
  artifactKey: Guid(97a9a3ab12cad3248a96209a3c928c2f) Importer(815301076,1909f56bfc062723c751e8b465ee728b)
Start importing Assets/Models/Rin New 3d - Anime Style/Rin Character/Textures/Matcap_Rim.png using Guid(97a9a3ab12cad3248a96209a3c928c2f) Importer(815301076,1909f56bfc062723c751e8b465ee728b)  -> (artifact id: '5ce9f854cf5f0426efaf6b35c351c5d8') in 0.004696 seconds 
========================================================================
Received Import Request.
  Time since last request: 1.442476 seconds.
  path: Assets/Models/Rin New 3d - Anime Style/Rin Character/Materials
  artifactKey: Guid(6291f2e6b31a4784690a715d445ab468) Importer(815301076,1909f56bfc062723c751e8b465ee728b)
Start importing Assets/Models/Rin New 3d - Anime Style/Rin Character/Materials using Guid(6291f2e6b31a4784690a715d445ab468) Importer(815301076,1909f56bfc062723c751e8b465ee728b)  -> (artifact id: 'b43179b24ea071901156ddd4de99140c') in 0.000488 seconds 
========================================================================
Received Import Request.
  Time since last request: 0.051556 seconds.
  path: Assets/Models/Rin New 3d - Anime Style/Rin Character/Materials/F00_000_00_Face_00_SKIN.mat
  artifactKey: Guid(444b1df36d86ba54790dda68d5a4a3b3) Importer(815301076,1909f56bfc062723c751e8b465ee728b)
Start importing Assets/Models/Rin New 3d - Anime Style/Rin Character/Materials/F00_000_00_Face_00_SKIN.mat using Guid(444b1df36d86ba54790dda68d5a4a3b3) Importer(815301076,1909f56bfc062723c751e8b465ee728b)  -> (artifact id: 'ef09290ba9a2c84dae6f0ad36bbdecfb') in 0.089985 seconds 
========================================================================
Received Import Request.
  Time since last request: 0.000062 seconds.
  path: Assets/Models/Rin New 3d - Anime Style/Rin Character/Materials/material_atlas_75340_1.mat
  artifactKey: Guid(a820391aaf0284648bcf01ff664253b8) Importer(815301076,1909f56bfc062723c751e8b465ee728b)
Start importing Assets/Models/Rin New 3d - Anime Style/Rin Character/Materials/material_atlas_75340_1.mat using Guid(a820391aaf0284648bcf01ff664253b8) Importer(815301076,1909f56bfc062723c751e8b465ee728b)  -> (artifact id: 'd0e96e8077a8ec5d1e2a8746baec2c48') in 0.029381 seconds 
========================================================================
Received Prepare
Registering precompiled user dll's ...
Registered in 0.001858 seconds.
Begin MonoManager ReloadAssembly
Thread 0x286087000 may have been prematurely finalized
Symbol file LoadedFromMemory doesn't match image /Users/elim/open-ai-hackathon/CyberBusters/Library/PackageCache/com.unity.visualscripting@1.7.8/Editor/VisualScripting.Core/Dependencies/YamlDotNet/Unity.VisualScripting.YamlDotNet.dll
Symbol file LoadedFromMemory doesn't match image /Users/elim/open-ai-hackathon/CyberBusters/Library/PackageCache/com.unity.visualscripting@1.7.8/Editor/VisualScripting.Core/Dependencies/DotNetZip/Unity.VisualScripting.IonicZip.dll
Native extension for OSXStandalone target not found
Native extension for WebGL target not found
Refreshing native plugins compatible for Editor in 0.32 ms, found 2 plugins.
Preloading 0 native plugins for Editor in 0.00 ms.
Mono: successfully reloaded assembly
- Completed reload, in  0.900 seconds
Domain Reload Profiling:
	ReloadAssembly (901ms)
		BeginReloadAssembly (200ms)
			ExecutionOrderSort (0ms)
			DisableScriptedObjects (8ms)
			BackupInstance (0ms)
			ReleaseScriptingObjects (0ms)
			CreateAndSetChildDomain (104ms)
		EndReloadAssembly (610ms)
			LoadAssemblies (80ms)
			RebuildTransferFunctionScriptingTraits (0ms)
			SetupTypeCache (251ms)
			ReleaseScriptCaches (1ms)
			RebuildScriptCaches (39ms)
			SetupLoadedEditorAssemblies (228ms)
				LogAssemblyErrors (0ms)
				InitializePlatformSupportModulesInManaged (6ms)
				SetLoadedEditorAssemblies (0ms)
				RefreshPlugins (0ms)
				BeforeProcessingInitializeOnLoad (43ms)
				ProcessInitializeOnLoadAttributes (160ms)
				ProcessInitializeOnLoadMethodAttributes (18ms)
				AfterProcessingInitializeOnLoad (1ms)
				EditorAssembliesLoaded (0ms)
			ExecutionOrderSort2 (0ms)
			AwakeInstancesAfterBackupRestoration (3ms)
Platform modules already initialized, skipping
Refreshing native plugins compatible for Editor in 1.20 ms, found 2 plugins.
Preloading 0 native plugins for Editor in 0.00 ms.
Unloading 3336 Unused Serialized files (Serialized files now loaded: 0)
Unloading 18 unused Assets / (22.4 KB). Loaded Objects now: 3861.
Memory consumption went from 277.4 MB to 277.3 MB.
Total: 2.845917 ms (FindLiveObjects: 0.153209 ms CreateObjectMapping: 0.056916 ms MarkObjects: 2.595667 ms  DeleteObjects: 0.039542 ms)

AssetImportParameters requested are different than current active one (requested -> active):
  custom:video-decoder-ogg-theora: a1e56fd34408186e4bbccfd4996cb3dc -> 
  custom:container-muxer-webm: aa71ff27fc2769a1b78a27578f13a17b -> 
  custom:container-demuxer-webm: 4f35f7cbe854078d1ac9338744f61a02 -> 
  custom:video-encoder-webm-vp8: eb34c28f22e8b96e1ab97ce403110664 -> 
  custom:framework-osx-AVFoundation: e770b220cccbd017edd2c1fefb359320 -> 
  custom:audio-encoder-webm-vorbis: bf7c407c2cedff20999df2af8eb42d56 -> 
  custom:container-demuxer-ogg: 62fdf1f143b41e24485cea50d1cbac27 -> 
  custom:video-decoder-webm-vp8: 9c59270c3fd7afecdb556c50c9e8de78 -> 
  custom:audio-decoder-ogg-vorbis: bf7c407c2cedff20999df2af8eb42d56 -> 
Editor requested this worker to shutdown with reason: Scaling down because of idle timeout
AssetImportWorker is now disconnected from the server
Process exiting
