Unity Editor version:    2021.3.12f1 (8af3c3e441b1)
Branch:                  2021.3/release
Build type:              Release
Batch mode:              YES
macOS version:           Version 12.2.1 (Build 21D62)
Darwin version:          21.3.0
Architecture:            arm64
Running under Rosetta:   NO
Available memory:        8192 MB
Using pre-set license
Pro License: YES

COMMAND LINE ARGUMENTS:
/Users/elim/Unity/2021.3.12f1/Unity.app/Contents/MacOS/Unity
-adb2
-batchMode
-noUpm
-name
AssetImportWorker2
-projectPath
/Users/elim/open-ai-hackathon/CyberBusters
-logFile
Logs/AssetImportWorker2.log
-srvPort
50570
Successfully changed project path to: /Users/elim/open-ai-hackathon/CyberBusters
/Users/elim/open-ai-hackathon/CyberBusters
[UnityMemory] Configuration Parameters - Can be set up in boot.config
    "memorysetup-bucket-allocator-granularity=16"
    "memorysetup-bucket-allocator-bucket-count=8"
    "memorysetup-bucket-allocator-block-size=33554432"
    "memorysetup-bucket-allocator-block-count=8"
    "memorysetup-main-allocator-block-size=16777216"
    "memorysetup-thread-allocator-block-size=16777216"
    "memorysetup-gfx-main-allocator-block-size=16777216"
    "memorysetup-gfx-thread-allocator-block-size=16777216"
    "memorysetup-cache-allocator-block-size=4194304"
    "memorysetup-typetree-allocator-block-size=2097152"
    "memorysetup-profiler-bucket-allocator-granularity=16"
    "memorysetup-profiler-bucket-allocator-bucket-count=8"
    "memorysetup-profiler-bucket-allocator-block-size=33554432"
    "memorysetup-profiler-bucket-allocator-block-count=8"
    "memorysetup-profiler-allocator-block-size=16777216"
    "memorysetup-profiler-editor-allocator-block-size=1048576"
    "memorysetup-temp-allocator-size-main=16777216"
    "memorysetup-job-temp-allocator-block-size=2097152"
    "memorysetup-job-temp-allocator-block-size-background=1048576"
    "memorysetup-job-temp-allocator-reduction-small-platforms=262144"
    "memorysetup-temp-allocator-size-background-worker=32768"
    "memorysetup-temp-allocator-size-job-worker=262144"
    "memorysetup-temp-allocator-size-preload-manager=33554432"
    "memorysetup-temp-allocator-size-nav-mesh-worker=65536"
    "memorysetup-temp-allocator-size-audio-worker=65536"
    "memorysetup-temp-allocator-size-cloud-worker=32768"
    "memorysetup-temp-allocator-size-gi-baking-worker=262144"
    "memorysetup-temp-allocator-size-gfx=262144"
Refreshing native plugins compatible for Editor in 61.81 ms, found 2 plugins.
Preloading 0 native plugins for Editor in 0.00 ms.
Initialize engine version: 2021.3.12f1 (8af3c3e441b1)
[Subsystems] Discovering subsystems at path /Users/elim/Unity/2021.3.12f1/Unity.app/Contents/Resources/UnitySubsystems
[Subsystems] Discovering subsystems at path /Users/elim/open-ai-hackathon/CyberBusters/Assets
GfxDevice: creating device client; threaded=0; jobified=0
 preferred device: Apple M1 (high power)
Metal devices available: 1
0: Apple M1 (high power)
Using device Apple M1 (high power)
Initializing Metal device caps: Apple M1
Initialize mono
Mono path[0] = '/Users/elim/Unity/2021.3.12f1/Unity.app/Contents/Managed'
Mono path[1] = '/Users/elim/Unity/2021.3.12f1/Unity.app/Contents/MonoBleedingEdge/lib/mono/unityjit-macos'
Mono config path = '/Users/elim/Unity/2021.3.12f1/Unity.app/Contents/MonoBleedingEdge/etc'
Using monoOptions --debugger-agent=transport=dt_socket,embedding=1,server=y,suspend=n,address=127.0.0.1:56841
Begin MonoManager ReloadAssembly
Registering precompiled unity dll's ...
Register platform support module: /Users/elim/Unity/2021.3.12f1/PlaybackEngines/WebGLSupport/UnityEditor.WebGL.Extensions.dll
Register platform support module: /Users/elim/Unity/2021.3.12f1/Unity.app/Contents/PlaybackEngines/MacStandaloneSupport/UnityEditor.OSXStandalone.Extensions.dll
Registered in 0.000385 seconds.
Native extension for OSXStandalone target not found
Native extension for WebGL target not found
Refreshing native plugins compatible for Editor in 65.40 ms, found 2 plugins.
Preloading 0 native plugins for Editor in 0.00 ms.
Mono: successfully reloaded assembly
- Completed reload, in  0.461 seconds
Domain Reload Profiling:
	ReloadAssembly (461ms)
		BeginReloadAssembly (47ms)
			ExecutionOrderSort (0ms)
			DisableScriptedObjects (0ms)
			BackupInstance (0ms)
			ReleaseScriptingObjects (0ms)
			CreateAndSetChildDomain (1ms)
		EndReloadAssembly (340ms)
			LoadAssemblies (47ms)
			RebuildTransferFunctionScriptingTraits (0ms)
			SetupTypeCache (85ms)
			ReleaseScriptCaches (0ms)
			RebuildScriptCaches (24ms)
			SetupLoadedEditorAssemblies (197ms)
				LogAssemblyErrors (0ms)
				InitializePlatformSupportModulesInManaged (4ms)
				SetLoadedEditorAssemblies (0ms)
				RefreshPlugins (65ms)
				BeforeProcessingInitializeOnLoad (1ms)
				ProcessInitializeOnLoadAttributes (100ms)
				ProcessInitializeOnLoadMethodAttributes (27ms)
				AfterProcessingInitializeOnLoad (0ms)
				EditorAssembliesLoaded (0ms)
			ExecutionOrderSort2 (0ms)
			AwakeInstancesAfterBackupRestoration (0ms)
Platform modules already initialized, skipping
Registering precompiled user dll's ...
Registered in 0.001163 seconds.
Begin MonoManager ReloadAssembly
Symbol file LoadedFromMemory doesn't match image /Users/elim/open-ai-hackathon/CyberBusters/Library/PackageCache/com.unity.visualscripting@1.7.8/Editor/VisualScripting.Core/Dependencies/YamlDotNet/Unity.VisualScripting.YamlDotNet.dll
Symbol file LoadedFromMemory doesn't match image /Users/elim/open-ai-hackathon/CyberBusters/Library/PackageCache/com.unity.visualscripting@1.7.8/Editor/VisualScripting.Core/Dependencies/DotNetZip/Unity.VisualScripting.IonicZip.dll
Native extension for OSXStandalone target not found
Native extension for WebGL target not found
Refreshing native plugins compatible for Editor in 0.34 ms, found 2 plugins.
Preloading 0 native plugins for Editor in 0.00 ms.
Mono: successfully reloaded assembly
- Completed reload, in  0.757 seconds
Domain Reload Profiling:
	ReloadAssembly (758ms)
		BeginReloadAssembly (81ms)
			ExecutionOrderSort (0ms)
			DisableScriptedObjects (4ms)
			BackupInstance (0ms)
			ReleaseScriptingObjects (0ms)
			CreateAndSetChildDomain (25ms)
		EndReloadAssembly (597ms)
			LoadAssemblies (48ms)
			RebuildTransferFunctionScriptingTraits (0ms)
			SetupTypeCache (195ms)
			ReleaseScriptCaches (0ms)
			RebuildScriptCaches (37ms)
			SetupLoadedEditorAssemblies (288ms)
				LogAssemblyErrors (0ms)
				InitializePlatformSupportModulesInManaged (3ms)
				SetLoadedEditorAssemblies (0ms)
				RefreshPlugins (0ms)
				BeforeProcessingInitializeOnLoad (59ms)
				ProcessInitializeOnLoadAttributes (206ms)
				ProcessInitializeOnLoadMethodAttributes (19ms)
				AfterProcessingInitializeOnLoad (1ms)
				EditorAssembliesLoaded (0ms)
			ExecutionOrderSort2 (0ms)
			AwakeInstancesAfterBackupRestoration (7ms)
Platform modules already initialized, skipping
========================================================================
Worker process is ready to serve import requests
Launching external process: /Users/elim/Unity/2021.3.12f1/Unity.app/Contents/Tools/UnityShaderCompiler
Launched and connected shader compiler UnityShaderCompiler after 0.05 seconds
Refreshing native plugins compatible for Editor in 0.59 ms, found 2 plugins.
Preloading 0 native plugins for Editor in 0.00 ms.
Unloading 3344 Unused Serialized files (Serialized files now loaded: 0)
Unloading 24 unused Assets / (19.9 KB). Loaded Objects now: 3826.
Memory consumption went from 250.8 MB to 250.8 MB.
Total: 5.754000 ms (FindLiveObjects: 0.199333 ms CreateObjectMapping: 0.042958 ms MarkObjects: 5.454875 ms  DeleteObjects: 0.055625 ms)

AssetImportParameters requested are different than current active one (requested -> active):
  custom:video-decoder-ogg-theora: a1e56fd34408186e4bbccfd4996cb3dc -> 
  custom:container-muxer-webm: aa71ff27fc2769a1b78a27578f13a17b -> 
  custom:container-demuxer-webm: 4f35f7cbe854078d1ac9338744f61a02 -> 
  custom:video-encoder-webm-vp8: eb34c28f22e8b96e1ab97ce403110664 -> 
  custom:framework-osx-AVFoundation: e770b220cccbd017edd2c1fefb359320 -> 
  custom:audio-encoder-webm-vorbis: bf7c407c2cedff20999df2af8eb42d56 -> 
  custom:container-demuxer-ogg: 62fdf1f143b41e24485cea50d1cbac27 -> 
  custom:video-decoder-webm-vp8: 9c59270c3fd7afecdb556c50c9e8de78 -> 
  custom:audio-decoder-ogg-vorbis: bf7c407c2cedff20999df2af8eb42d56 -> 
========================================================================
Received Import Request.
  Time since last request: 16460.478715 seconds.
  path: Assets/Low Poly Cyber Ninja Sword
  artifactKey: Guid(fdfd9dd63130a4369b553b352e137661) Importer(815301076,1909f56bfc062723c751e8b465ee728b)
Start importing Assets/Low Poly Cyber Ninja Sword using Guid(fdfd9dd63130a4369b553b352e137661) Importer(815301076,1909f56bfc062723c751e8b465ee728b)  -> (artifact id: '2178394a75f8b97d44bede19b1a0afc4') in 0.008418 seconds 
========================================================================
Received Import Request.
  Time since last request: 0.000065 seconds.
  path: Assets/Low Poly Cyber Ninja Sword/Prefabs/Prefab_Sword_Cyber_Plasma.prefab
  artifactKey: Guid(38833800f7af1784180d220b342afb9f) Importer(815301076,1909f56bfc062723c751e8b465ee728b)
Start importing Assets/Low Poly Cyber Ninja Sword/Prefabs/Prefab_Sword_Cyber_Plasma.prefab using Guid(38833800f7af1784180d220b342afb9f) Importer(815301076,1909f56bfc062723c751e8b465ee728b)  -> (artifact id: '626a1342800bbff4accf55b464ebf333') in 0.624412 seconds 
========================================================================
Received Import Request.
  Time since last request: 0.000202 seconds.
  path: Assets/Low Poly Cyber Ninja Sword/Prefabs/Prefab_Sword_Cyber_Thunder.prefab
  artifactKey: Guid(837b69c41a8880a43ac3434cbbadb285) Importer(815301076,1909f56bfc062723c751e8b465ee728b)
Start importing Assets/Low Poly Cyber Ninja Sword/Prefabs/Prefab_Sword_Cyber_Thunder.prefab using Guid(837b69c41a8880a43ac3434cbbadb285) Importer(815301076,1909f56bfc062723c751e8b465ee728b)  -> (artifact id: '72ab48b9d45be77fc9e0e176cb3aec38') in 0.083830 seconds 
========================================================================
Received Import Request.
  Time since last request: 37.369319 seconds.
  path: Assets/Low Poly Cyber Ninja Sword/Model
  artifactKey: Guid(18bd3b90608f61a479eb1f1acfe3bcd9) Importer(815301076,1909f56bfc062723c751e8b465ee728b)
Start importing Assets/Low Poly Cyber Ninja Sword/Model using Guid(18bd3b90608f61a479eb1f1acfe3bcd9) Importer(815301076,1909f56bfc062723c751e8b465ee728b)  -> (artifact id: 'b70931b31208c701f07b2af4437a2309') in 0.001620 seconds 
========================================================================
Received Import Request.
  Time since last request: 0.013213 seconds.
  path: Assets/Low Poly Cyber Ninja Sword/Model/Model_Sword_Cyber_Ninja.FBX
  artifactKey: Guid(f32442828616b1b4c9e1027923ad9a73) Importer(815301076,1909f56bfc062723c751e8b465ee728b)
Start importing Assets/Low Poly Cyber Ninja Sword/Model/Model_Sword_Cyber_Ninja.FBX using Guid(f32442828616b1b4c9e1027923ad9a73) Importer(815301076,1909f56bfc062723c751e8b465ee728b)  -> (artifact id: 'ee257c68b8e4f2f767be31d02fbe47e3') in 0.066148 seconds 
========================================================================
Received Import Request.
  Time since last request: 45.984154 seconds.
  path: Assets/Models/Rin New 3d - Anime Style/Demo/Assets
  artifactKey: Guid(12a3c8fd03fa4bf41a0cd921f2dab9cd) Importer(815301076,1909f56bfc062723c751e8b465ee728b)
Start importing Assets/Models/Rin New 3d - Anime Style/Demo/Assets using Guid(12a3c8fd03fa4bf41a0cd921f2dab9cd) Importer(815301076,1909f56bfc062723c751e8b465ee728b)  -> (artifact id: 'fc20f888cf2f3573b0add177cc8a7f73') in 0.001601 seconds 
========================================================================
Received Import Request.
  Time since last request: 0.040615 seconds.
  path: Assets/Models/Rin New 3d - Anime Style/Demo/Assets/Panel bg.png
  artifactKey: Guid(42ea291fcfdb9f944913f63feff53578) Importer(815301076,1909f56bfc062723c751e8b465ee728b)
Start importing Assets/Models/Rin New 3d - Anime Style/Demo/Assets/Panel bg.png using Guid(42ea291fcfdb9f944913f63feff53578) Importer(815301076,1909f56bfc062723c751e8b465ee728b)  -> (artifact id: '56df7909bbbe3c79ea28fa1e63cc7a63') in 0.409377 seconds 
========================================================================
Received Import Request.
  Time since last request: 3.024906 seconds.
  path: Assets/Models/Rin New 3d - Anime Style/Demo/Scripts
  artifactKey: Guid(13c26ae465d3806498567c148ff5b92c) Importer(815301076,1909f56bfc062723c751e8b465ee728b)
Start importing Assets/Models/Rin New 3d - Anime Style/Demo/Scripts using Guid(13c26ae465d3806498567c148ff5b92c) Importer(815301076,1909f56bfc062723c751e8b465ee728b)  -> (artifact id: '723a4b18e24cd51a0bd272d357f585ae') in 0.001645 seconds 
========================================================================
Received Import Request.
  Time since last request: 346.883160 seconds.
  path: Assets/Scenes/SampleScene.unity
  artifactKey: Guid(9fc0d4010bbf28b4594072e72b8655ab) Importer(815301076,1909f56bfc062723c751e8b465ee728b)
Start importing Assets/Scenes/SampleScene.unity using Guid(9fc0d4010bbf28b4594072e72b8655ab) Importer(815301076,1909f56bfc062723c751e8b465ee728b)  -> (artifact id: 'fe4ca1bd069780f5b6e76b7badd27620') in 0.003206 seconds 
========================================================================
Received Import Request.
  Time since last request: 49.156539 seconds.
  path: Assets/MainAnimator.controller
  artifactKey: Guid(be83f36d28fb44adfba752e1879b2aed) Importer(815301076,1909f56bfc062723c751e8b465ee728b)
Start importing Assets/MainAnimator.controller using Guid(be83f36d28fb44adfba752e1879b2aed) Importer(815301076,1909f56bfc062723c751e8b465ee728b)  -> (artifact id: 'ac7b7f6e97e5945b8e09813e0d11c57f') in 0.070353 seconds 
========================================================================
Received Import Request.
  Time since last request: 2392.373658 seconds.
  path: Assets/Animations
  artifactKey: Guid(86e39925ee2244763af6a0ac663c5f24) Importer(815301076,1909f56bfc062723c751e8b465ee728b)
Start importing Assets/Animations using Guid(86e39925ee2244763af6a0ac663c5f24) Importer(815301076,1909f56bfc062723c751e8b465ee728b)  -> (artifact id: 'ee18422e250792b5b88449a44a5d39db') in 0.007674 seconds 
========================================================================
Received Import Request.
  Time since last request: 24.576839 seconds.
  path: Assets/Rin_(FBX)@Mma Kick (1).fbx
  artifactKey: Guid(7d687a506aeef442c905389c9444a5a4) Importer(815301076,1909f56bfc062723c751e8b465ee728b)
Start importing Assets/Rin_(FBX)@Mma Kick (1).fbx using Guid(7d687a506aeef442c905389c9444a5a4) Importer(815301076,1909f56bfc062723c751e8b465ee728b)  -> (artifact id: '05e354a3c88f1369df1e9cfd1bcce6a9') in 0.128005 seconds 
========================================================================
Received Import Request.
  Time since last request: 3.897502 seconds.
  path: Assets/Rin_(FBX)@Mma Kick.fbx
  artifactKey: Guid(a352b5ff937944515a94a925fbf289ba) Importer(815301076,1909f56bfc062723c751e8b465ee728b)
Start importing Assets/Rin_(FBX)@Mma Kick.fbx using Guid(a352b5ff937944515a94a925fbf289ba) Importer(815301076,1909f56bfc062723c751e8b465ee728b)  -> (artifact id: 'd46b8d703aa7e883a00014ee4e23f8e2') in 0.007695 seconds 
========================================================================
Received Import Request.
  Time since last request: 3.154237 seconds.
  path: Assets/Rin_(FBX)@Sword And Shield Slash.fbx
  artifactKey: Guid(4330b375fb0694002a4512a71a47e1eb) Importer(815301076,1909f56bfc062723c751e8b465ee728b)
Start importing Assets/Rin_(FBX)@Sword And Shield Slash.fbx using Guid(4330b375fb0694002a4512a71a47e1eb) Importer(815301076,1909f56bfc062723c751e8b465ee728b)  -> (artifact id: '6f9805672a4fa2f566257654230bb094') in 0.005745 seconds 
========================================================================
Received Import Request.
  Time since last request: 243.705486 seconds.
  path: Assets/Rin_(FBX)@Mma Kick (1).fbx
  artifactKey: Guid(7d687a506aeef442c905389c9444a5a4) Importer(815301076,1909f56bfc062723c751e8b465ee728b)
Start importing Assets/Rin_(FBX)@Mma Kick (1).fbx using Guid(7d687a506aeef442c905389c9444a5a4) Importer(815301076,1909f56bfc062723c751e8b465ee728b)  -> (artifact id: '07fbc012598d2c201388d9667bbffb7b') in 0.011451 seconds 
========================================================================
Received Import Request.
  Time since last request: 4.075335 seconds.
  path: Assets/Mma Kick (1).anim
  artifactKey: Guid(b18a25ca6343a4cd6b3bbc9ae34dc7e5) Importer(815301076,1909f56bfc062723c751e8b465ee728b)
Start importing Assets/Mma Kick (1).anim using Guid(b18a25ca6343a4cd6b3bbc9ae34dc7e5) Importer(815301076,1909f56bfc062723c751e8b465ee728b)  -> (artifact id: 'c5dfc2ba4a094f737f87a0f7d12c75e4') in 0.046971 seconds 
========================================================================
Received Import Request.
  Time since last request: 12.680581 seconds.
  path: Assets/Rin_(FBX)@Mma Kick.fbx
  artifactKey: Guid(a352b5ff937944515a94a925fbf289ba) Importer(815301076,1909f56bfc062723c751e8b465ee728b)
Start importing Assets/Rin_(FBX)@Mma Kick.fbx using Guid(a352b5ff937944515a94a925fbf289ba) Importer(815301076,1909f56bfc062723c751e8b465ee728b)  -> (artifact id: '190289d873e86facea5d41c416728351') in 0.012181 seconds 
========================================================================
Received Import Request.
  Time since last request: 7.295221 seconds.
  path: Assets/Mma Kick.anim
  artifactKey: Guid(9d4e06948c9614fddb1aa61416086857) Importer(815301076,1909f56bfc062723c751e8b465ee728b)
Start importing Assets/Mma Kick.anim using Guid(9d4e06948c9614fddb1aa61416086857) Importer(815301076,1909f56bfc062723c751e8b465ee728b)  -> (artifact id: '03f6c2beea4ec819d3596e03f4cc488f') in 0.010951 seconds 
========================================================================
Received Import Request.
  Time since last request: 14.022530 seconds.
  path: Assets/Rin_(FBX)@Sword And Shield Slash.fbx
  artifactKey: Guid(4330b375fb0694002a4512a71a47e1eb) Importer(815301076,1909f56bfc062723c751e8b465ee728b)
Start importing Assets/Rin_(FBX)@Sword And Shield Slash.fbx using Guid(4330b375fb0694002a4512a71a47e1eb) Importer(815301076,1909f56bfc062723c751e8b465ee728b)  -> (artifact id: '41963f913ca26895e55b267e629bcd8f') in 0.008835 seconds 
========================================================================
Received Import Request.
  Time since last request: 5.194739 seconds.
  path: Assets/Sword And Shield Slash.anim
  artifactKey: Guid(f8dfa106fed6649bbb34feb102f04602) Importer(815301076,1909f56bfc062723c751e8b465ee728b)
Start importing Assets/Sword And Shield Slash.anim using Guid(f8dfa106fed6649bbb34feb102f04602) Importer(815301076,1909f56bfc062723c751e8b465ee728b)  -> (artifact id: '6fa57bd866ba425d6017f414143dd81a') in 0.008886 seconds 
========================================================================
Received Import Request.
  Time since last request: 29.687193 seconds.
  path: Assets/Animations/StrongMidKick.anim
  artifactKey: Guid(b18a25ca6343a4cd6b3bbc9ae34dc7e5) Importer(815301076,1909f56bfc062723c751e8b465ee728b)
Start importing Assets/Animations/StrongMidKick.anim using Guid(b18a25ca6343a4cd6b3bbc9ae34dc7e5) Importer(815301076,1909f56bfc062723c751e8b465ee728b)  -> (artifact id: '8e43e4cc78e6c2d378c3d3b0f051eb82') in 0.029447 seconds 
========================================================================
Received Import Request.
  Time since last request: 35.608117 seconds.
  path: Assets/Animations/MediumKickMid.anim
  artifactKey: Guid(b18a25ca6343a4cd6b3bbc9ae34dc7e5) Importer(815301076,1909f56bfc062723c751e8b465ee728b)
Start importing Assets/Animations/MediumKickMid.anim using Guid(b18a25ca6343a4cd6b3bbc9ae34dc7e5) Importer(815301076,1909f56bfc062723c751e8b465ee728b)  -> (artifact id: '8b02b90c10d1536a60bc7871c3f7ed0d') in 0.020734 seconds 
========================================================================
Received Import Request.
  Time since last request: 24.082780 seconds.
  path: Assets/Animations/StrongKickMid.anim
  artifactKey: Guid(9d4e06948c9614fddb1aa61416086857) Importer(815301076,1909f56bfc062723c751e8b465ee728b)
Start importing Assets/Animations/StrongKickMid.anim using Guid(9d4e06948c9614fddb1aa61416086857) Importer(815301076,1909f56bfc062723c751e8b465ee728b)  -> (artifact id: '61e0e65878e1443167fc0be727690395') in 0.042356 seconds 
========================================================================
Received Import Request.
  Time since last request: 37.695050 seconds.
  path: Assets/Animations/MediumSwordMid.anim
  artifactKey: Guid(f8dfa106fed6649bbb34feb102f04602) Importer(815301076,1909f56bfc062723c751e8b465ee728b)
Start importing Assets/Animations/MediumSwordMid.anim using Guid(f8dfa106fed6649bbb34feb102f04602) Importer(815301076,1909f56bfc062723c751e8b465ee728b)  -> (artifact id: '23e9895cc11091ab5da3bd2e90da7cc2') in 0.010800 seconds 
========================================================================
Received Import Request.
  Time since last request: 607.066120 seconds.
  path: Assets/Rin_(FBX)@Drop Kick.fbx
  artifactKey: Guid(0d202751c0c0547ae9912fc4cdebdb3d) Importer(815301076,1909f56bfc062723c751e8b465ee728b)
Start importing Assets/Rin_(FBX)@Drop Kick.fbx using Guid(0d202751c0c0547ae9912fc4cdebdb3d) Importer(815301076,1909f56bfc062723c751e8b465ee728b)  -> (artifact id: '13f87a38e56ea2d2bb9a83a5e219859a') in 0.029424 seconds 
========================================================================
Received Import Request.
  Time since last request: 0.000110 seconds.
  path: Assets/Rin_(FBX)@Mma Kick.fbx
  artifactKey: Guid(a352b5ff937944515a94a925fbf289ba) Importer(815301076,1909f56bfc062723c751e8b465ee728b)
Start importing Assets/Rin_(FBX)@Mma Kick.fbx using Guid(a352b5ff937944515a94a925fbf289ba) Importer(815301076,1909f56bfc062723c751e8b465ee728b)  -> (artifact id: 'b130e184e297988d8273f8860ce178bb') in 0.008830 seconds 
========================================================================
Received Import Request.
  Time since last request: 0.000065 seconds.
  path: Assets/Rin_(FBX)@Side Kick.fbx
  artifactKey: Guid(1c0ec898f74714245b747be97c599465) Importer(815301076,1909f56bfc062723c751e8b465ee728b)
Start importing Assets/Rin_(FBX)@Side Kick.fbx using Guid(1c0ec898f74714245b747be97c599465) Importer(815301076,1909f56bfc062723c751e8b465ee728b)  -> (artifact id: 'e97e38ec9bff1102acd323c1e0b1c9ad') in 0.008529 seconds 
========================================================================
Received Import Request.
  Time since last request: 0.000058 seconds.
  path: Assets/Rin_(FBX)@Kicking (1).fbx
  artifactKey: Guid(16dd697ed10524bb5850df93cc64aa42) Importer(815301076,1909f56bfc062723c751e8b465ee728b)
Start importing Assets/Rin_(FBX)@Kicking (1).fbx using Guid(16dd697ed10524bb5850df93cc64aa42) Importer(815301076,1909f56bfc062723c751e8b465ee728b)  -> (artifact id: '8d96a31459ba1915221ec0e5eb903df6') in 0.009944 seconds 
========================================================================
Received Import Request.
  Time since last request: 0.000049 seconds.
  path: Assets/Rin_(FBX)@Sword And Shield Kick.fbx
  artifactKey: Guid(0dfaa07f4489e4da29bd8af54fdd17db) Importer(815301076,1909f56bfc062723c751e8b465ee728b)
Start importing Assets/Rin_(FBX)@Sword And Shield Kick.fbx using Guid(0dfaa07f4489e4da29bd8af54fdd17db) Importer(815301076,1909f56bfc062723c751e8b465ee728b)  -> (artifact id: 'd454c4b5fcc03232192eee63a8908272') in 0.010125 seconds 
========================================================================
Received Import Request.
  Time since last request: 0.000052 seconds.
  path: Assets/Rin_(FBX)@Roundhouse Kick.fbx
  artifactKey: Guid(f08a4b53cc2e94ef78229b48f29b8d4c) Importer(815301076,1909f56bfc062723c751e8b465ee728b)
Start importing Assets/Rin_(FBX)@Roundhouse Kick.fbx using Guid(f08a4b53cc2e94ef78229b48f29b8d4c) Importer(815301076,1909f56bfc062723c751e8b465ee728b)  -> (artifact id: 'b1ed45fe5992b1420d2bfb13bcc1435b') in 0.004492 seconds 
========================================================================
Received Import Request.
  Time since last request: 0.000053 seconds.
  path: Assets/Rin_(FBX)@Spin Flip Kick.fbx
  artifactKey: Guid(ce1f3ec8eb9c04ac7bab6a0be56d57b7) Importer(815301076,1909f56bfc062723c751e8b465ee728b)
Start importing Assets/Rin_(FBX)@Spin Flip Kick.fbx using Guid(ce1f3ec8eb9c04ac7bab6a0be56d57b7) Importer(815301076,1909f56bfc062723c751e8b465ee728b)  -> (artifact id: '3246cd6d46c8937e19f4439dc8fd4a87') in 0.007577 seconds 
========================================================================
Received Import Request.
  Time since last request: 0.000041 seconds.
  path: Assets/Rin_(FBX)@Kicking.fbx
  artifactKey: Guid(7e162be7cd915492697990c9a0b45690) Importer(815301076,1909f56bfc062723c751e8b465ee728b)
Start importing Assets/Rin_(FBX)@Kicking.fbx using Guid(7e162be7cd915492697990c9a0b45690) Importer(815301076,1909f56bfc062723c751e8b465ee728b)  -> (artifact id: '3247e603320d383e42c9cbe526dfe5ce') in 0.007664 seconds 
========================================================================
Received Import Request.
  Time since last request: 0.000048 seconds.
  path: Assets/Rin_(FBX)@Standing Melee Attack Kick Ver. 2.fbx
  artifactKey: Guid(177263ae3d1104bfb9fe06ec192ca8f4) Importer(815301076,1909f56bfc062723c751e8b465ee728b)
Start importing Assets/Rin_(FBX)@Standing Melee Attack Kick Ver. 2.fbx using Guid(177263ae3d1104bfb9fe06ec192ca8f4) Importer(815301076,1909f56bfc062723c751e8b465ee728b)  -> (artifact id: '230ad4d68eca92b24115f2f65530e7fc') in 0.005259 seconds 
Editor requested this worker to shutdown with reason: Scaling down because of idle timeout
AssetImportWorker is now disconnected from the server
Process exiting
